<?xml version='1.0' encoding='UTF-8'?>
<testsuite hostname="hafsa-Latitude-E6420" name="Vpractice.CONTROLTest" tests="1" errors="0" failures="0" skipped="0" time="2.906" timestamp="2023-08-07T13:20:15">
          <properties>
[...]
</properties>
          <testcase classname="Vpractice.CONTROLTest" name="CONTROL test" time="2.906">
                      
                    </testcase>
          <system-out><![CDATA[]]></system-out>
          <system-err><![CDATA[]]></system-err>
        </testsuite>